[debug] [2022-11-24T16:35:02.951Z] ----------------------------------------------------------------------
[debug] [2022-11-24T16:35:02.955Z] Command:       C:\Program Files\nodejs\node.exe C:\Users\Asus\AppData\Roaming\npm\node_modules\firebase-tools\lib\bin\firebase.js init
[debug] [2022-11-24T16:35:02.956Z] CLI Version:   11.16.1
[debug] [2022-11-24T16:35:02.956Z] Platform:      win32
[debug] [2022-11-24T16:35:02.957Z] Node Version:  v16.14.0
[debug] [2022-11-24T16:35:02.965Z] Time:          Thu Nov 24 2022 23:35:02 GMT+0700 (Western Indonesia Time)
[debug] [2022-11-24T16:35:02.965Z] ----------------------------------------------------------------------
[debug] 
[debug] [2022-11-24T16:35:02.980Z] > command requires scopes: ["email","openid","https://www.googleapis.com/auth/cloudplatformprojects.readonly","https://www.googleapis.com/auth/firebase","https://www.googleapis.com/auth/cloud-platform"]
[debug] [2022-11-24T16:35:02.981Z] > authorizing via signed-in user (ridhofadhillah@gmail.com)
[info] 
     ######## #### ########  ######## ########     ###     ######  ########
     ##        ##  ##     ## ##       ##     ##  ##   ##  ##       ##
     ######    ##  ########  ######   ########  #########  ######  ######
     ##        ##  ##    ##  ##       ##     ## ##     ##       ## ##
     ##       #### ##     ## ######## ########  ##     ##  ######  ########

You're about to initialize a Firebase project in this directory:

  D:\belajarreact\tinder\tinder-clone

[info] 
=== Project Setup
[info] 
[info] First, let's associate this project directory with a Firebase project.
[info] You can create multiple project aliases by running firebase use --add, 
[info] but for now we'll just set up a default project.
[info] 
[debug] [2022-11-24T16:35:16.387Z] > refreshing access token with scopes: []
[debug] [2022-11-24T16:35:16.395Z] >>> [apiv2][query] POST https://www.googleapis.com/oauth2/v3/token [none]
[debug] [2022-11-24T16:35:16.395Z] >>> [apiv2][body] POST https://www.googleapis.com/oauth2/v3/token [omitted]
[debug] [2022-11-24T16:35:16.676Z] <<< [apiv2][status] POST https://www.googleapis.com/oauth2/v3/token 200
[debug] [2022-11-24T16:35:16.676Z] <<< [apiv2][body] POST https://www.googleapis.com/oauth2/v3/token [omitted]
[debug] [2022-11-24T16:35:16.689Z] >>> [apiv2][query] GET https://firebase.googleapis.com/v1beta1/projects pageSize=100
[debug] [2022-11-24T16:35:17.376Z] <<< [apiv2][status] GET https://firebase.googleapis.com/v1beta1/projects 200
[debug] [2022-11-24T16:35:17.377Z] <<< [apiv2][body] GET https://firebase.googleapis.com/v1beta1/projects [omitted]
[info] i  Using project tinder-f8b4e (tinder) 
[info] 
=== Hosting Setup
[info] 
[info] Your public directory is the folder (relative to your project directory) that
[info] will contain Hosting assets to be uploaded with firebase deploy. If you
[info] have a build process for your assets, use your build's output directory.
[info] 
[debug] [2022-11-24T16:35:38.389Z] >>> [apiv2][query] GET https://www.gstatic.com/firebasejs/releases.json [none]
[debug] [2022-11-24T16:35:38.619Z] <<< [apiv2][status] GET https://www.gstatic.com/firebasejs/releases.json 200
[debug] [2022-11-24T16:35:38.619Z] <<< [apiv2][body] GET https://www.gstatic.com/firebasejs/releases.json {"current":{"version":"9.14.0","browserURL":"https://www.gstatic.com/firebasejs/9.14.0/firebase.js","packageURL":"https://www.gstatic.com/firebasejs/9.14.0/firebase.tgz"},"live":{"version":"9.14","browserURL":"https://www.gstatic.com/firebasejs/live/9.14/firebase.js","packageURL":"https://www.gstatic.com/firebasejs/live/9.14/firebase.tgz"},"components":{"analytics":"https://www.gstatic.com/firebasejs/9.14.0/firebase-analytics.js","app":"https://www.gstatic.com/firebasejs/9.14.0/firebase-app.js","app-check":"https://www.gstatic.com/firebasejs/9.14.0/firebase-app-check.js","auth":"https://www.gstatic.com/firebasejs/9.14.0/firebase-auth.js","auth/cordova":"https://www.gstatic.com/firebasejs/9.14.0/firebase-auth/cordova.js","auth/react-native":"https://www.gstatic.com/firebasejs/9.14.0/firebase-auth/react-native.js","functions":"https://www.gstatic.com/firebasejs/9.14.0/firebase-functions.js","firestore":"https://www.gstatic.com/firebasejs/9.14.0/firebase-firestore.js","firestore/lite":"https://www.gstatic.com/firebasejs/9.14.0/firebase-firestore/lite.js","installations":"https://www.gstatic.com/firebasejs/9.14.0/firebase-installations.js","storage":"https://www.gstatic.com/firebasejs/9.14.0/firebase-storage.js","performance":"https://www.gstatic.com/firebasejs/9.14.0/firebase-performance.js","remote-config":"https://www.gstatic.com/firebasejs/9.14.0/firebase-remote-config.js","messaging":"https://www.gstatic.com/firebasejs/9.14.0/firebase-messaging.js","messaging/sw":"https://www.gstatic.com/firebasejs/9.14.0/firebase-messaging/sw.js","database":"https://www.gstatic.com/firebasejs/9.14.0/firebase-database.js","firestore.memory":"https://www.gstatic.com/firebasejs/9.14.0/firebase-firestore.memory.js"}}
[info] +  Wrote builds/index.html 
[info] 
[info] i  Detected a .git folder at D:\belajarreact\tinder\tinder-clone 
[info] i  Authorizing with GitHub to upload your service account to a GitHub repository's secrets store. 
[info] 
[info] Visit this URL on this device to log in:
[info] https://github.com/login/oauth/authorize?client_id=89cf50f02ac6aaed3484&state=398140730&redirect_uri=http%3A%2F%2Flocalhost%3A9005&scope=read%3Auser%20repo%20public_repo
[info] 
[info] Waiting for authentication...
[debug] [2022-11-24T16:35:39.795Z] >>> [apiv2][query] POST https://github.com/login/oauth/access_token [none]
[debug] [2022-11-24T16:35:39.795Z] >>> [apiv2][body] POST https://github.com/login/oauth/access_token [stream]
[debug] [2022-11-24T16:35:40.379Z] <<< [apiv2][status] POST https://github.com/login/oauth/access_token 200
[debug] [2022-11-24T16:35:40.380Z] <<< [apiv2][body] POST https://github.com/login/oauth/access_token {"access_token":"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","token_type":"bearer","scope":"read:user,repo"}
[debug] [2022-11-24T16:35:40.394Z] >>> [apiv2][query] GET https://api.github.com/user [none]
[debug] [2022-11-24T16:35:40.990Z] <<< [apiv2][status] GET https://api.github.com/user 200
[debug] [2022-11-24T16:35:40.990Z] <<< [apiv2][body] GET https://api.github.com/user {"login":"Ridh0","id":54372711,"node_id":"MDQ6VXNlcjU0MzcyNzEx","avatar_url":"https://avatars.githubusercontent.com/u/54372711?v=4","gravatar_id":"","url":"https://api.github.com/users/Ridh0","html_url":"https://github.com/Ridh0","followers_url":"https://api.github.com/users/Ridh0/followers","following_url":"https://api.github.com/users/Ridh0/following{/other_user}","gists_url":"https://api.github.com/users/Ridh0/gists{/gist_id}","starred_url":"https://api.github.com/users/Ridh0/starred{/owner}{/repo}","subscriptions_url":"https://api.github.com/users/Ridh0/subscriptions","organizations_url":"https://api.github.com/users/Ridh0/orgs","repos_url":"https://api.github.com/users/Ridh0/repos","events_url":"https://api.github.com/users/Ridh0/events{/privacy}","received_events_url":"https://api.github.com/users/Ridh0/received_events","type":"User","site_admin":false,"name":null,"company":null,"blog":"","location":null,"email":null,"hireable":null,"bio":null,"twitter_username":null,"public_repos":12,"public_gists":0,"followers":4,"following":4,"created_at":"2019-08-21T17:54:12Z","updated_at":"2022-11-24T15:38:03Z","private_gists":0,"total_private_repos":10,"owned_private_repos":10,"disk_usage":458256,"collaborators":2,"two_factor_authentication":false,"plan":{"name":"free","space":976562499,"collaborators":0,"private_repos":10000}}
[info] 
[info] +  Success! Logged into GitHub as Ridh0 
[info] 
[debug] [2022-11-24T16:35:55.133Z] >>> [apiv2][query] GET https://api.github.com/repos/Ridh0/tinder-clone/actions/secrets/public-key type=owner
[debug] [2022-11-24T16:35:55.873Z] <<< [apiv2][status] GET https://api.github.com/repos/Ridh0/tinder-clone/actions/secrets/public-key 404
[debug] [2022-11-24T16:35:55.873Z] <<< [apiv2][body] GET https://api.github.com/repos/Ridh0/tinder-clone/actions/secrets/public-key {"message":"Not Found","documentation_url":"https://docs.github.com/rest/reference/actions#get-a-repository-public-key"}
[debug] [2022-11-24T16:35:57.874Z] >>> [apiv2][query] GET https://api.github.com/repos/Ridh0/tinder-clone/actions/secrets/public-key type=owner
[debug] [2022-11-24T16:35:58.440Z] <<< [apiv2][status] GET https://api.github.com/repos/Ridh0/tinder-clone/actions/secrets/public-key 404
[debug] [2022-11-24T16:35:58.440Z] <<< [apiv2][body] GET https://api.github.com/repos/Ridh0/tinder-clone/actions/secrets/public-key {"message":"Not Found","documentation_url":"https://docs.github.com/rest/reference/actions#get-a-repository-public-key"}
